build/app/outputs/mapping/release/seeds.txt
com.onebitnet.onebitnet.MainActivity
com.onebitnet.onebitnet.MainActivity: MainActivity()
...
androidx.media2.session.SessionCommandGroupParcelizer: void write(androidx.media2.session.SessionCommandGroup,androidx.versionedparcelable.VersionedParcel)
androidx.window.embedding.SplitRule: int getLayoutDirection()
kotlin.jvm.internal.CallableReference: CallableReference(java.lang.Object,java.lang.Class,java.lang.String,java.lang.String,boolean)
androidx.window.layout.SidecarAdapter: androidx.window.layout.WindowLayoutInfo translate(androidx.window.sidecar.SidecarWindowLayoutInfo,androidx.window.sidecar.SidecarDeviceState)
io.flutter.embedding.engine.FlutterJNI: void nativeSetSemanticsEnabled(long,boolean)
androidx.media2.common.MediaMetadataParcelizer: void write(androidx.media2.common.MediaMetadata,androidx.versionedparcelable.VersionedParcel)
io.flutter.plugin.editing.ImeSyncDeferringInsetsCallback: android.view.View access$602(io.flutter.plugin.editing.ImeSyncDeferringInsetsCallback,android.view.View)
androidx.window.core.Version: java.math.BigInteger getBigInteger()
io.flutter.embedding.engine.FlutterJNI: void handlePlatformMessageResponse(int,java.nio.ByteBuffer)
org.chromium.support_lib_boundary.WebViewProviderBoundaryInterface: void addWebMessageListener(java.lang.String,java.lang.String[],java.lang.reflect.InvocationHandler)
androidx.core.graphics.drawable.DrawableCompat$Api21Impl: void setHotspot(android.graphics.drawable.Drawable,float,float)
org.chromium.support_lib_boundary.SafeBrowsingResponseBoundaryInterface: void backToSafety(boolean)
org.chromium.support_lib_boundary.VisualStateCallbackBoundaryInterface: void onComplete(long)
io.flutter.embedding.engine.FlutterJNI: boolean isCodePointEmojiModifier(int)
androidx.core.content.ContextCompat$Api21Impl: java.io.File getNoBackupFilesDir(android.content.Context)
org.chromium.support_lib_boundary.WebMessagePortBoundaryInterface: void close()
androidx.core.view.ViewCompat$Api21Impl: boolean isNestedScrollingEnabled(android.view.View)
androidx.media2.session.ConnectionResultParcelizer: void write(androidx.media2.session.ConnectionResult,androidx.versionedparcelable.VersionedParcel)
com.google.android.gms.internal.measurement.zzbn: android.os.IBinder asBinder()
com.dexterous.flutterlocalnotifications.FlutterLocalNotificationsPlugin: void getNotificationAppLaunchDetails(io.flutter.plugin.common.MethodChannel$Result)
com.google.android.gms.measurement.AppMeasurement: java.util.Map getUserProperties(java.lang.String,java.lang.String,boolean)
androidx.window.layout.WindowMetrics: android.graphics.Rect getBounds()
io.flutter.plugin.platform.SingleViewPresentation: io.flutter.plugin.platform.PlatformView getView()
com.dexterous.flutterlocalnotifications.models.NotificationDetails: java.util.ArrayList readMessages(java.util.ArrayList)
androidx.window.layout.WindowInfoTrackerImpl$windowLayoutInfo$1: java.lang.Object invoke(java.lang.Object,java.lang.Object)
com.dexterous.flutterlocalnotifications.FlutterLocalNotificationsPlugin: void onAttachedToEngine(io.flutter.embedding.engine.plugins.FlutterPlugin$FlutterPluginBinding)
android.support.v4.graphics.drawable.IconCompatParcelizer: IconCompatParcelizer()
com.dexterous.flutterlocalnotifications.models.PersonDetails: PersonDetails(java.lang.Boolean,java.lang.Object,com.dexterous.flutterlocalnotifications.models.IconSource,java.lang.Boolean,java.lang.String,java.lang.String,java.lang.String)
com.google.android.gms.common.GooglePlayServicesMissingManifestValueException: GooglePlayServicesMissingManifestValueException()
org.chromium.support_lib_boundary.WebViewProviderFactoryBoundaryInterface: java.lang.reflect.InvocationHandler getServiceWorkerController()
com.dexterous.flutterlocalnotifications.RuntimeTypeAdapterFactory: com.google.gson.TypeAdapter create(com.google.gson.Gson,com.google.gson.reflect.TypeToken)
io.flutter.embedding.engine.FlutterJNI: void onRenderingStopped()
androidx.window.layout.SidecarWindowBackend: java.util.concurrent.CopyOnWriteArrayList getWindowLayoutChangeCallbacks()