build/app/outputs/mapping/release/mapping.txt
# compiler: R8
# compiler_version: 3.1.66
# min_api: 21
# pg_map_id: 52997b3
# common_typos_disable
# {"id":"com.android.tools.r8.mapping","version":"1.0"}
...
kotlin.text.StringsKt__StringBuilderJVMKt -> p6.i:
kotlin.text.StringsKt__StringBuilderKt -> p6.j:
kotlin.text.StringsKt__StringNumberConversionsJVMKt -> p6.k:
kotlin.text.StringsKt__StringNumberConversionsKt -> p6.l:
    java.lang.Integer toIntOrNull(java.lang.String) -> f
    java.lang.Integer toIntOrNull(java.lang.String,int) -> g
    java.lang.Long toLongOrNull(java.lang.String) -> h
    java.lang.Long toLongOrNull(java.lang.String,int) -> i
kotlin.text.StringsKt__StringsJVMKt -> p6.m:
    boolean endsWith(java.lang.String,java.lang.String,boolean) -> j
    boolean endsWith$default(java.lang.String,java.lang.String,boolean,int,java.lang.Object) -> k
    boolean isBlank(java.lang.CharSequence) -> l
    boolean regionMatches(java.lang.String,int,java.lang.String,int,int,boolean) -> m
    boolean startsWith(java.lang.String,java.lang.String,boolean) -> n
    boolean startsWith$default(java.lang.String,java.lang.String,boolean,int,java.lang.Object) -> o
kotlin.text.StringsKt__StringsKt -> p6.n:
    int indexOf$default(java.lang.CharSequence,java.lang.String,int,boolean,int,java.lang.Object) -> A
    int indexOfAny(java.lang.CharSequence,char[],int,boolean) -> B
    int lastIndexOf(java.lang.CharSequence,char,int,boolean) -> C
    int lastIndexOf(java.lang.CharSequence,java.lang.String,int,boolean) -> D
    int lastIndexOf$default(java.lang.CharSequence,char,int,boolean,int,java.lang.Object) -> E
    int lastIndexOf$default(java.lang.CharSequence,java.lang.String,int,boolean,int,java.lang.Object) -> F
    int lastIndexOfAny(java.lang.CharSequence,char[],int,boolean) -> G
    kotlin.sequences.Sequence lineSequence(java.lang.CharSequence) -> H
    java.util.List lines(java.lang.CharSequence) -> I
    kotlin.sequences.Sequence rangesDelimitedBy$StringsKt__StringsKt(java.lang.CharSequence,java.lang.String[],int,boolean,int) -> J
    kotlin.sequences.Sequence rangesDelimitedBy$StringsKt__StringsKt$default(java.lang.CharSequence,java.lang.String[],int,boolean,int,int,java.lang.Object) -> K
    boolean regionMatchesImpl(java.lang.CharSequence,int,java.lang.CharSequence,int,int,boolean) -> L
    void requireNonNegativeLimit(int) -> M
    kotlin.sequences.Sequence splitToSequence(java.lang.CharSequence,java.lang.String[],boolean,int) -> N
    kotlin.sequences.Sequence splitToSequence$default(java.lang.CharSequence,java.lang.String[],boolean,int,int,java.lang.Object) -> O
kotlin.text.StringsKt__StringsKt$rangesDelimitedBy$2 -> p6.n$a:
    boolean $ignoreCase -> n
    java.util.List $delimitersList -> m
    kotlin.Pair invoke(java.lang.CharSequence,int) -> a
kotlin.text.StringsKt__StringsKt$splitToSequence$1 -> p6.n$b:
    java.lang.CharSequence $this_splitToSequence -> m
    java.lang.String invoke(kotlin.ranges.IntRange) -> a
kotlin.text.StringsKt___StringsJvmKt -> p6.o:
kotlin.text.StringsKt___StringsKt -> p6.p:
    java.lang.String drop(java.lang.String,int) -> b0
kotlinx.coroutines.AbstractCoroutine -> q6.a:
    kotlin.coroutines.CoroutineContext context -> n
    java.lang.String cancellationExceptionMessage() -> C
    void handleOnCompletionException$kotlinx_coroutines_core(java.lang.Throwable) -> R
    java.lang.String nameString$kotlinx_coroutines_core() -> Y
    boolean isActive() -> b
    kotlin.coroutines.CoroutineContext getCoroutineContext() -> d
    void onCompletionInternal(java.lang.Object) -> d0
    void afterResume(java.lang.Object) -> t0
    void onCancelled(java.lang.Throwable,boolean) -> u0
    void onCompleted(java.lang.Object) -> v0
    void start(kotlinx.coroutines.CoroutineStart,java.lang.Object,kotlin.jvm.functions.Function2) -> w0
kotlinx.coroutines.AbstractTimeSource -> q6.b:
kotlinx.coroutines.AbstractTimeSourceKt -> q6.c:
    kotlinx.coroutines.AbstractTimeSource timeSource -> a
    kotlinx.coroutines.AbstractTimeSource getTimeSource() -> a
kotlinx.coroutines.Active -> q6.d:
    kotlinx.coroutines.Active INSTANCE -> m
kotlinx.coroutines.BeforeResumeCancelHandler -> q6.e: