build/app/outputs/mapping/release/usage.txt
com.onebitnet.onebitnet.BuildConfig
com.onebitnet.onebitnet.R$attr
com.onebitnet.onebitnet.R$color
com.onebitnet.onebitnet.R$dimen
com.onebitnet.onebitnet.R$drawable
com.onebitnet.onebitnet.R$id
com.onebitnet.onebitnet.R$integer
com.onebitnet.onebitnet.R$layout
com.onebitnet.onebitnet.R$mipmap
com.onebitnet.onebitnet.R$raw
com.onebitnet.onebitnet.R$string
com.onebitnet.onebitnet.R$style
com.onebitnet.onebitnet.R$styleable
com.onebitnet.onebitnet.R$xml
com.onebitnet.onebitnet.R
...
com.google.gson.LongSerializationPolicy:
    public abstract com.google.gson.JsonElement serialize(java.lang.Long)
com.google.gson.TypeAdapter:
    public final java.lang.Object fromJson(java.io.Reader)
    public final java.lang.Object fromJson(java.lang.String)
    public final java.lang.String toJson(java.lang.Object)
    public final void toJson(java.io.Writer,java.lang.Object)
com.google.gson.internal.$Gson$Preconditions:
    private void <init>()
com.google.gson.internal.$Gson$Types$GenericArrayTypeImpl:
    private static final long serialVersionUID
com.google.gson.internal.$Gson$Types$ParameterizedTypeImpl:
    private static final long serialVersionUID
com.google.gson.internal.$Gson$Types$WildcardTypeImpl:
    private static final long serialVersionUID
com.google.gson.internal.$Gson$Types:
    private void <init>()
com.google.gson.internal.Excluder:
    private static final double IGNORE_VERSIONS
    public com.google.gson.internal.Excluder disableInnerClassSerialization()
    public com.google.gson.internal.Excluder excludeFieldsWithoutExposeAnnotation()
    public com.google.gson.internal.Excluder withExclusionStrategy(com.google.gson.ExclusionStrategy,boolean,boolean)
    public varargs com.google.gson.internal.Excluder withModifiers(int[])
    public com.google.gson.internal.Excluder withVersion(double)
com.google.gson.internal.GsonBuildConfig
com.google.gson.internal.JavaVersion:
    private void <init>()
com.google.gson.internal.LazilyParsedNumber:
    private void readObject(java.io.ObjectInputStream)
    private java.lang.Object writeReplace()
com.google.gson.internal.LinkedHashTreeMap$1
com.google.gson.internal.LinkedHashTreeMap$AvlBuilder
com.google.gson.internal.LinkedHashTreeMap$AvlIterator
com.google.gson.internal.LinkedHashTreeMap$EntrySet$1
com.google.gson.internal.LinkedHashTreeMap$EntrySet
com.google.gson.internal.LinkedHashTreeMap$KeySet$1
com.google.gson.internal.LinkedHashTreeMap$KeySet
com.google.gson.internal.LinkedHashTreeMap$LinkedTreeMapIterator
com.google.gson.internal.LinkedHashTreeMap$Node
com.google.gson.internal.LinkedHashTreeMap
com.google.gson.internal.LinkedTreeMap:
    private void readObject(java.io.ObjectInputStream)
    private java.lang.Object writeReplace()
com.google.gson.internal.PreJava9DateFormatProvider:
    public void <init>()
    private static java.lang.String getDateFormatPattern(int)
    public static java.text.DateFormat getUSDateFormat(int)
com.google.gson.internal.Primitives:
    private void <init>()
    public static boolean isWrapperType(java.lang.reflect.Type)
    public static java.lang.Class unwrap(java.lang.Class)
    public static java.lang.Class wrap(java.lang.Class)
com.google.gson.internal.Streams:
    private void <init>()
com.google.gson.internal.bind.DefaultDateTypeAdapter$DateType:
    public final com.google.gson.TypeAdapterFactory createAdapterFactory(int)
    public final com.google.gson.TypeAdapterFactory createDefaultsAdapterFactory()
com.google.gson.internal.bind.DefaultDateTypeAdapter:
    private static final java.lang.String SIMPLE_NAME
    private void <init>(com.google.gson.internal.bind.DefaultDateTypeAdapter$DateType,int)
    synthetic void <init>(com.google.gson.internal.bind.DefaultDateTypeAdapter$DateType,int,com.google.gson.internal.bind.DefaultDateTypeAdapter$1)
com.google.gson.internal.bind.JsonTreeWriter:
    public com.google.gson.stream.JsonWriter value(double)
com.google.gson.internal.bind.TreeTypeAdapter$GsonContextImpl:
    public java.lang.Object deserialize(com.google.gson.JsonElement,java.lang.reflect.Type)
    public com.google.gson.JsonElement serialize(java.lang.Object)
    public com.google.gson.JsonElement serialize(java.lang.Object,java.lang.reflect.Type)
com.google.gson.internal.bind.TreeTypeAdapter$SingleTypeFactory